c:\git\borrowedchords\builds\visualstudio2019\x64\debug\app\note.obj
c:\git\borrowedchords\builds\visualstudio2019\x64\debug\app\include_juce_audio_devices.obj
c:\git\borrowedchords\builds\visualstudio2019\x64\debug\app\include_juce_gui_extra.obj
c:\git\borrowedchords\builds\visualstudio2019\x64\debug\app\model.obj
c:\git\borrowedchords\builds\visualstudio2019\x64\debug\app\include_juce_audio_basics.obj
c:\git\borrowedchords\builds\visualstudio2019\x64\debug\app\include_juce_events.obj
c:\git\borrowedchords\builds\visualstudio2019\x64\debug\app\main.obj
c:\git\borrowedchords\builds\visualstudio2019\x64\debug\app\include_juce_audio_processors.obj
c:\git\borrowedchords\builds\visualstudio2019\x64\debug\app\chordtable.obj
c:\git\borrowedchords\builds\visualstudio2019\x64\debug\app\include_juce_audio_utils.obj
c:\git\borrowedchords\builds\visualstudio2019\x64\debug\app\include_juce_osc.obj
c:\git\borrowedchords\builds\visualstudio2019\x64\debug\app\lookandfeel.obj
c:\git\borrowedchords\builds\visualstudio2019\x64\debug\app\maincomponent.obj
c:\git\borrowedchords\builds\visualstudio2019\x64\debug\app\include_juce_data_structures.obj
c:\git\borrowedchords\builds\visualstudio2019\x64\debug\app\include_juce_dsp.obj
c:\git\borrowedchords\builds\visualstudio2019\x64\debug\app\scale.obj
c:\git\borrowedchords\builds\visualstudio2019\x64\debug\app\controller.obj
c:\git\borrowedchords\builds\visualstudio2019\x64\debug\app\include_juce_graphics.obj
c:\git\borrowedchords\builds\visualstudio2019\x64\debug\app\chord.obj
c:\git\borrowedchords\builds\visualstudio2019\x64\debug\app\broadcaster.obj
c:\git\borrowedchords\builds\visualstudio2019\x64\debug\app\include_juce_core.obj
c:\git\borrowedchords\builds\visualstudio2019\x64\debug\app\componentbase.obj
c:\git\borrowedchords\builds\visualstudio2019\x64\debug\app\include_juce_audio_formats.obj
c:\git\borrowedchords\builds\visualstudio2019\x64\debug\app\include_juce_gui_basics.obj
c:\git\borrowedchords\builds\visualstudio2019\x64\debug\app\vc142.pdb
c:\git\borrowedchords\builds\visualstudio2019\x64\debug\app\selectorcomponents.obj
c:\git\borrowedchords\builds\visualstudio2019\x64\debug\app\resources.res
c:\git\borrowedchords\builds\visualstudio2019\x64\debug\app\borrowed.1c3e4387.tlog\cl.command.1.tlog
c:\git\borrowedchords\builds\visualstudio2019\x64\debug\app\borrowed.1c3e4387.tlog\cl.read.1.tlog
c:\git\borrowedchords\builds\visualstudio2019\x64\debug\app\borrowed.1c3e4387.tlog\cl.write.1.tlog
c:\git\borrowedchords\builds\visualstudio2019\x64\debug\app\borrowed.1c3e4387.tlog\link.14024-cvtres.read.1.tlog
c:\git\borrowedchords\builds\visualstudio2019\x64\debug\app\borrowed.1c3e4387.tlog\link.14024-cvtres.write.1.tlog
c:\git\borrowedchords\builds\visualstudio2019\x64\debug\app\borrowed.1c3e4387.tlog\link.14024-rc.read.1.tlog
c:\git\borrowedchords\builds\visualstudio2019\x64\debug\app\borrowed.1c3e4387.tlog\link.14024-rc.write.1.tlog
c:\git\borrowedchords\builds\visualstudio2019\x64\debug\app\borrowed.1c3e4387.tlog\link.14024.read.1.tlog
c:\git\borrowedchords\builds\visualstudio2019\x64\debug\app\borrowed.1c3e4387.tlog\link.14024.write.1.tlog
c:\git\borrowedchords\builds\visualstudio2019\x64\debug\app\borrowed.1c3e4387.tlog\link.command.1.tlog
c:\git\borrowedchords\builds\visualstudio2019\x64\debug\app\borrowed.1c3e4387.tlog\link.read.1.tlog
c:\git\borrowedchords\builds\visualstudio2019\x64\debug\app\borrowed.1c3e4387.tlog\link.write.1.tlog
c:\git\borrowedchords\builds\visualstudio2019\x64\debug\app\borrowed.1c3e4387.tlog\rc.command.1.tlog
c:\git\borrowedchords\builds\visualstudio2019\x64\debug\app\borrowed.1c3e4387.tlog\rc.read.1.tlog
c:\git\borrowedchords\builds\visualstudio2019\x64\debug\app\borrowed.1c3e4387.tlog\rc.write.1.tlog
